** Drc report for CM5_MINIMA_3.kicad_pcb **
** Created on 2026-03-05T12:55:45+0100 **

** Found 19 DRC violations **
[track_dangling]: Track has unconnected end
    Local override; warning
    @(117,1543 mm, 74,5543 mm): Track [/CM5/PCIE_PI.TX_P] on F.Cu, length 0,0260 mm
[track_dangling]: Track has unconnected end
    Local override; warning
    @(116,7329 mm, 75,4905 mm): Track [/CM5/PCIE_PI.TX_P] on F.Cu, length 0,0260 mm
[track_dangling]: Track has unconnected end
    Local override; warning
    @(117,9915 mm, 74,2318 mm): Track [/CM5/PCIE_PI.TX_P] on F.Cu, length 0,0260 mm
[track_dangling]: Track has unconnected end
    Local override; warning
    @(115,8956 mm, 75,8129 mm): Track [/CM5/PCIE_PI.TX_P] on F.Cu, length 0,0260 mm
[lib_footprint_issues]: The current configuration does not include the footprint library 'Samacsys'.
    Local override; warning
    @(88,5540 mm, 71,1602 mm): Footprint J1
[lib_footprint_issues]: The current configuration does not include the footprint library 'EasyEDA'.
    Local override; warning
    @(99,3500 mm, 102,3502 mm): Footprint D401
[lib_footprint_issues]: The current configuration does not include the footprint library '_pico'.
    Local override; warning
    @(113,6000 mm, 93,9852 mm): Footprint M701
[lib_footprint_issues]: The current configuration does not include the footprint library '_pico'.
    Local override; warning
    @(113,6000 mm, 105,8602 mm): Footprint M702
[lib_footprint_issues]: The current configuration does not include the footprint library 'EasyEDA'.
    Local override; warning
    @(98,7600 mm, 59,9102 mm): Footprint D702
[lib_footprint_issues]: The current configuration does not include the footprint library 'EasyEDA'.
    Local override; warning
    @(86,1500 mm, 85,7102 mm): Footprint J101
[lib_footprint_issues]: The current configuration does not include the footprint library 'EasyEDA'.
    Local override; warning
    @(102,3500 mm, 102,3502 mm): Footprint D402
[lib_footprint_issues]: The current configuration does not include the footprint library 'EasyEDA'.
    Local override; warning
    @(86,1500 mm, 97,2602 mm): Footprint USB701
[lib_footprint_issues]: The current configuration does not include the footprint library 'EasyEDA'.
    Local override; warning
    @(130,5700 mm, 101,2802 mm): Footprint SW501
[lib_footprint_issues]: The footprint library 'Zigbee MGM240LD22VIF2' was not found at 'C:/Users/chait/Documents/KiCad/Testing project/library_extend/ul_MGM240LD22VIF2/KiCADv6/footprints.pretty'.
    Local override; warning
    @(113,0400 mm, 42,6102 mm): Footprint U2
[lib_footprint_issues]: The current configuration does not include the footprint library 'EasyEDA'.
    Local override; warning
    @(131,9400 mm, 94,6302 mm): Footprint D605
[lib_footprint_issues]: The current configuration does not include the footprint library 'EasyEDA'.
    Local override; warning
    @(131,9400 mm, 91,6902 mm): Footprint D606
[lib_footprint_issues]: The current configuration does not include the footprint library 'EasyEDA'.
    Local override; warning
    @(83,2500 mm, 104,5002 mm): Footprint CN1
[lib_footprint_issues]: The current configuration does not include the footprint library 'EasyEDA'.
    Local override; warning
    @(95,9700 mm, 110,2502 mm): Footprint D403
[lib_footprint_issues]: The current configuration does not include the footprint library 'EasyEDA'.
    Local override; warning
    @(130,1800 mm, 107,8902 mm): Footprint SW101

** Found 1 unconnected pads **
[unconnected_items]: Missing connection between items
    Local override; error
    @(74,9900 mm, 36,0552 mm): Zone [GND] on F.Cu, B.Cu and 3 more, priority 0
    @(74,9900 mm, 36,0552 mm): Zone [GND] on F.Cu, B.Cu and 3 more, priority 0

** Found 0 Footprint errors **

** End of Report **
